*** Using Compiler 'V5.06 update 5 (build 528)', folder: 'D:\Keil_v5\ARM\ARMCC\Bin'
Build target 'Target 1'
compiling misc.c...
assembling startup_stm32f10x_md.s...
compiling stm32f10x_cec.c...
compiling system_stm32f10x.c...
compiling stm32f10x_crc.c...
compiling stm32f10x_can.c...
compiling stm32f10x_dbgmcu.c...
compiling stm32f10x_dac.c...
compiling core_cm3.c...
compiling stm32f10x_dma.c...
compiling stm32f10x_bkp.c...
compiling stm32f10x_adc.c...
compiling stm32f10x_exti.c...
compiling stm32f10x_flash.c...
compiling stm32f10x_rcc.c...
compiling stm32f10x_gpio.c...
compiling stm32f10x_fsmc.c...
compiling stm32f10x_iwdg.c...
compiling stm32f10x_spi.c...
compiling stm32f10x_pwr.c...
compiling stm32f10x_i2c.c...
compiling stm32f10x_rtc.c...
compiling stm32f10x_usart.c...
compiling stm32f10x_sdio.c...
compiling stm32f10x_tim.c...
compiling Key.c...
compiling stm32f10x_wwdg.c...
compiling LED.c...
compiling stm32f10x_it.c...
compiling Timer.c...
compiling Delay.c...
compiling main.c...
compiling OLED.c...
linking...
Program Size: Code=2640 RO-data=1788 RW-data=4 ZI-data=1636  
".\Objects\project.axf" - 0 Error(s), 0 Warning(s).
Build Time Elapsed:  00:00:04
